# JRE version: Java(TM) SE Runtime Environment 18.9 (11.0.18+9) (build 11.0.18+9-LTS-195)
# Java VM: Java HotSpot(TM) 64-Bit Server VM 18.9 (11.0.18+9-LTS-195, mixed mode, tiered, compressed oops, g1 gc, windows-amd64)
Heap:
 garbage-first heap   total 236544K, used 51168K [0x0000000741c00000, 0x0000000800000000)
  region size 1024K, 19 young (19456K), 4 survivors (4096K)
 Metaspace       used 41938K, capacity 42446K, committed 42780K, reserved 1087488K
  class space    used 5006K, capacity 5245K, committed 5324K, reserved 1048576K
GC Heap History (10 events):
Event: 3.166 GC heap before
{Heap before GC invocations=6 (full 0):
 garbage-first heap   total 236544K, used 38406K [0x0000000741c00000, 0x0000000800000000)
  region size 1024K, 11 young (11264K), 2 survivors (2048K)
 Metaspace       used 30574K, capacity 31049K, committed 31280K, reserved 1077248K
  class space    used 3656K, capacity 3883K, committed 3968K, reserved 1048576K
}
Event: 3.179 GC heap after
{Heap after GC invocations=7 (full 0):
 garbage-first heap   total 236544K, used 29282K [0x0000000741c00000, 0x0000000800000000)
  region size 1024K, 2 young (2048K), 2 survivors (2048K)
 Metaspace       used 30574K, capacity 31049K, committed 31280K, reserved 1077248K
  class space    used 3656K, capacity 3883K, committed 3968K, reserved 1048576K
}
Event: 3.320 GC heap before
{Heap before GC invocations=7 (full 0):
 garbage-first heap   total 236544K, used 38498K [0x0000000741c00000, 0x0000000800000000)
  region size 1024K, 11 young (11264K), 2 survivors (2048K)
 Metaspace       used 30811K, capacity 31341K, committed 31536K, reserved 1077248K
  class space    used 3674K, capacity 3916K, committed 3968K, reserved 1048576K
}
Event: 3.330 GC heap after
{Heap after GC invocations=8 (full 0):
 garbage-first heap   total 236544K, used 30680K [0x0000000741c00000, 0x0000000800000000)
  region size 1024K, 2 young (2048K), 2 survivors (2048K)
 Metaspace       used 30811K, capacity 31341K, committed 31536K, reserved 1077248K
  class space    used 3674K, capacity 3916K, committed 3968K, reserved 1048576K
}
Event: 3.705 GC heap before
{Heap before GC invocations=8 (full 0):
 garbage-first heap   total 236544K, used 45016K [0x0000000741c00000, 0x0000000800000000)
  region size 1024K, 16 young (16384K), 2 survivors (2048K)
 Metaspace       used 33035K, capacity 33566K, committed 33712K, reserved 1079296K
  class space    used 4105K, capacity 4335K, committed 4352K, reserved 1048576K
}
Event: 3.708 GC heap after
{Heap after GC invocations=9 (full 0):
 garbage-first heap   total 236544K, used 31747K [0x0000000741c00000, 0x0000000800000000)
  region size 1024K, 1 young (1024K), 1 survivors (1024K)
 Metaspace       used 33035K, capacity 33566K, committed 33712K, reserved 1079296K
  class space    used 4105K, capacity 4335K, committed 4352K, reserved 1048576K
}
Event: 3.892 GC heap before
{Heap before GC invocations=9 (full 0):
 garbage-first heap   total 236544K, used 39939K [0x0000000741c00000, 0x0000000800000000)
  region size 1024K, 10 young (10240K), 1 survivors (1024K)
 Metaspace       used 35237K, capacity 35742K, committed 35920K, reserved 1081344K
  class space    used 4353K, capacity 4591K, committed 4608K, reserved 1048576K
}
Event: 3.895 GC heap after
{Heap after GC invocations=10 (full 0):
 garbage-first heap   total 236544K, used 32458K [0x0000000741c00000, 0x0000000800000000)
  region size 1024K, 2 young (2048K), 2 survivors (2048K)
 Metaspace       used 35237K, capacity 35742K, committed 35920K, reserved 1081344K
  class space    used 4353K, capacity 4591K, committed 4608K, reserved 1048576K
}
Event: 4.382 GC heap before
{Heap before GC invocations=11 (full 0):
 garbage-first heap   total 236544K, used 68298K [0x0000000741c00000, 0x0000000800000000)
  region size 1024K, 27 young (27648K), 2 survivors (2048K)
 Metaspace       used 39212K, capacity 39686K, committed 39964K, reserved 1085440K
  class space    used 4743K, capacity 4986K, committed 5068K, reserved 1048576K
}
Event: 4.388 GC heap after
{Heap after GC invocations=12 (full 0):
 garbage-first heap   total 236544K, used 36832K [0x0000000741c00000, 0x0000000800000000)
  region size 1024K, 4 young (4096K), 4 survivors (4096K)
 Metaspace       used 39212K, capacity 39686K, committed 39964K, reserved 1085440K
  class space    used 4743K, capacity 4986K, committed 5068K, reserved 1048576K
}

